{
  "RSpec": {
    "coverage": {
      "/home/ubuntu/workspace/LPP/prct10/MyGema/lib/MyGema/codigo.rb": [
        null,
        1,
        null,
        null,
        null,
        1,
        1,
        null,
        null,
        1,
        null,
        1,
        27,
        27,
        null,
        null,
        1,
        null,
        null,
        94,
        null,
        94,
        null,
        25,
        25,
        25,
        25,
        25,
        null,
        null,
        69,
        69,
        69,
        69,
        69,
        null,
        null,
        null,
        null,
        null,
        1,
        null,
        19,
        null,
        84,
        null,
        null,
        null,
        null,
        null,
        1,
        6,
        null,
        null,
        null,
        1,
        1,
        null,
        null,
        null,
        1,
        7,
        null,
        null,
        null,
        1,
        0,
        0,
        0,
        null,
        null,
        0,
        0,
        null,
        null,
        0,
        null,
        null,
        null,
        null,
        1,
        19,
        45,
        42,
        null,
        null,
        16,
        16,
        null,
        null,
        15,
        null,
        null,
        null,
        null,
        null,
        null,
        null,
        null,
        null,
        null,
        null,
        null,
        null,
        null,
        null,
        null,
        null,
        null,
        null,
        null,
        null,
        null,
        null,
        null,
        null,
        null,
        null,
        null,
        null,
        null,
        null,
        null,
        null,
        null,
        null,
        null,
        null,
        null,
        null,
        null,
        null,
        null,
        null,
        null,
        null,
        null,
        null,
        null,
        null,
        null,
        null,
        null,
        null,
        null,
        null,
        null,
        null,
        null,
        null,
        null,
        null
      ],
      "/home/ubuntu/workspace/LPP/prct10/MyGema/lib/MyGema/bibliografia.rb": [
        1,
        null,
        1,
        null,
        1,
        null,
        1,
        null,
        205,
        null,
        null,
        null,
        1,
        1,
        null,
        null,
        null,
        1,
        43,
        null,
        42,
        null,
        1,
        0,
        null,
        1,
        null,
        null,
        null,
        null,
        null,
        null,
        null,
        1,
        null,
        1,
        null,
        1,
        174,
        174,
        null,
        null,
        null,
        null,
        1,
        155,
        null,
        null,
        null,
        null,
        null,
        1,
        null,
        1,
        null,
        1,
        13,
        13,
        null,
        null,
        1,
        9,
        null,
        null,
        null,
        1,
        null,
        1,
        null,
        1,
        13,
        13,
        null,
        null,
        1,
        9,
        null,
        null,
        null
      ],
      "/home/ubuntu/workspace/LPP/prct10/MyGema/lib/MyGema/representacion.rb": [
        1,
        1,
        1,
        null,
        1,
        null,
        1,
        1,
        1,
        1,
        1,
        null,
        null,
        null,
        1,
        null,
        6,
        6,
        6,
        14,
        null,
        14,
        null,
        14,
        null,
        null,
        6,
        null,
        1,
        7,
        5,
        5,
        5,
        5,
        null,
        null,
        null,
        null,
        1,
        2,
        2,
        2,
        null,
        1,
        3,
        1,
        1,
        1,
        1,
        null,
        null,
        null,
        1,
        null,
        null,
        1,
        0,
        0,
        null,
        null,
        1,
        null,
        1,
        null,
        null,
        1,
        1,
        null,
        null,
        null,
        null,
        null,
        null,
        null,
        null,
        null,
        null,
        null,
        null,
        null,
        null,
        null,
        null,
        null,
        null,
        null,
        null,
        null,
        null,
        null,
        null,
        null,
        null,
        null,
        null,
        null,
        null,
        null,
        null,
        null,
        null,
        null,
        null,
        null,
        null,
        null,
        null,
        null,
        null,
        null,
        null,
        null,
        null,
        null,
        null,
        null,
        null,
        null,
        null,
        null,
        null,
        null,
        null,
        null,
        null,
        null,
        null,
        null,
        null,
        null,
        null,
        null,
        null,
        null,
        null,
        null,
        null,
        null,
        null,
        null,
        null,
        null,
        null,
        null,
        null,
        null,
        null,
        null,
        null,
        null,
        null,
        null,
        null,
        null,
        null,
        null,
        null,
        null,
        null,
        null,
        null,
        null,
        null,
        null,
        null,
        null,
        null,
        null,
        null,
        null,
        null,
        null,
        null,
        null,
        null,
        null,
        null,
        null,
        null,
        null,
        null,
        null,
        null,
        null,
        null,
        null,
        null,
        null,
        null,
        null,
        null,
        null,
        null,
        null
      ]
    },
    "timestamp": 1449838582
  }
}
